<?xml version="1.0" encoding="UTF-8"?>
<!-- Generated by org.testng.reporters.JUnitXMLReporter -->
<testsuite ignored="0" hostname="DESKTOP-K2HAJEI" failures="0" tests="5" name="TestEcommerce" time="41.486" errors="0" timestamp="2025-07-06T00:40:59 SGT">
  <testcase classname="TestCasesFolder.SignupTest" name="Registration" time="5.37"/>
  <testcase classname="TestCasesFolder.LoginTest" name="loginwith_Incorrect_credentials" time="1.678"/>
  <testcase classname="TestCasesFolder.LoginTest" name="loginwith_correct_credentials_withoutLogout" time="3.059"/>
  <testcase classname="TestCasesFolder.AddProductToCartTest" name="addProduct" time="5.78"/>
  <testcase classname="TestCasesFolder.CheckoutOrderTest" name="CheckoutProduct" time="12.09"/>
</testsuite> <!-- TestEcommerce -->
