<?xml version="1.0" encoding="UTF-8"?>
<testng-results ignored="0" total="5" passed="5" failed="0" skipped="0">
  <reporter-output>
  </reporter-output>
  <suite started-at="2025-07-10T23:30:38 SGT" name="SuiteEcommerce" finished-at="2025-07-10T23:31:23 SGT" duration-ms="44631">
    <groups>
    </groups>
    <test started-at="2025-07-10T23:30:38 SGT" name="TestEcommerce" finished-at="2025-07-10T23:31:23 SGT" duration-ms="44631">
      <class name="TestCasesFolder.SignupTest">
        <test-method is-config="true" signature="setupBrowser()[pri:0, instance:TestCasesFolder.SignupTest@76a4ebf2]" started-at="2025-07-10T23:30:38 SGT" name="setupBrowser" finished-at="2025-07-10T23:30:41 SGT" duration-ms="2988" status="PASS">
          <reporter-output>
          </reporter-output>
        </test-method> <!-- setupBrowser -->
        <test-method signature="Registration()[pri:0, instance:TestCasesFolder.SignupTest@76a4ebf2]" started-at="2025-07-10T23:30:41 SGT" name="Registration" finished-at="2025-07-10T23:30:48 SGT" duration-ms="6483" status="PASS">
          <reporter-output>
          </reporter-output>
        </test-method> <!-- Registration -->
        <test-method is-config="true" signature="tearDown()[pri:0, instance:TestCasesFolder.SignupTest@76a4ebf2]" started-at="2025-07-10T23:30:48 SGT" name="tearDown" finished-at="2025-07-10T23:30:48 SGT" duration-ms="396" status="PASS">
          <reporter-output>
          </reporter-output>
        </test-method> <!-- tearDown -->
      </class> <!-- TestCasesFolder.SignupTest -->
      <class name="TestCasesFolder.CheckoutOrderTest">
        <test-method is-config="true" signature="setupBrowser()[pri:0, instance:TestCasesFolder.CheckoutOrderTest@cecf639]" started-at="2025-07-10T23:31:08 SGT" name="setupBrowser" finished-at="2025-07-10T23:31:11 SGT" duration-ms="2449" status="PASS">
          <reporter-output>
          </reporter-output>
        </test-method> <!-- setupBrowser -->
        <test-method is-config="true" signature="startTest()[pri:0, instance:TestCasesFolder.CheckoutOrderTest@cecf639]" started-at="2025-07-10T23:31:11 SGT" name="startTest" finished-at="2025-07-10T23:31:11 SGT" duration-ms="1" status="PASS">
          <reporter-output>
          </reporter-output>
        </test-method> <!-- startTest -->
        <test-method signature="CheckoutProduct()[pri:0, instance:TestCasesFolder.CheckoutOrderTest@cecf639]" started-at="2025-07-10T23:31:11 SGT" name="CheckoutProduct" finished-at="2025-07-10T23:31:22 SGT" duration-ms="11544" status="PASS">
          <reporter-output>
          </reporter-output>
        </test-method> <!-- CheckoutProduct -->
        <test-method is-config="true" signature="tearDown()[pri:0, instance:TestCasesFolder.CheckoutOrderTest@cecf639]" started-at="2025-07-10T23:31:22 SGT" name="tearDown" finished-at="2025-07-10T23:31:23 SGT" duration-ms="285" status="PASS">
          <reporter-output>
          </reporter-output>
        </test-method> <!-- tearDown -->
      </class> <!-- TestCasesFolder.CheckoutOrderTest -->
      <class name="TestCasesFolder.LoginTest">
        <test-method is-config="true" signature="setupBrowser()[pri:0, instance:TestCasesFolder.LoginTest@28261e8e]" started-at="2025-07-10T23:30:48 SGT" name="setupBrowser" finished-at="2025-07-10T23:30:51 SGT" duration-ms="2828" status="PASS">
          <reporter-output>
          </reporter-output>
        </test-method> <!-- setupBrowser -->
        <test-method is-config="true" signature="initPageObjects()[pri:0, instance:TestCasesFolder.LoginTest@28261e8e]" started-at="2025-07-10T23:30:51 SGT" name="initPageObjects" finished-at="2025-07-10T23:30:51 SGT" duration-ms="1" status="PASS">
          <reporter-output>
          </reporter-output>
        </test-method> <!-- initPageObjects -->
        <test-method signature="loginwith_Incorrect_credentials()[pri:0, instance:TestCasesFolder.LoginTest@28261e8e]" started-at="2025-07-10T23:30:51 SGT" name="loginwith_Incorrect_credentials" finished-at="2025-07-10T23:30:53 SGT" duration-ms="1870" status="PASS">
          <reporter-output>
          </reporter-output>
        </test-method> <!-- loginwith_Incorrect_credentials -->
        <test-method is-config="true" signature="tearDown()[pri:0, instance:TestCasesFolder.LoginTest@28261e8e]" started-at="2025-07-10T23:30:53 SGT" name="tearDown" finished-at="2025-07-10T23:30:53 SGT" duration-ms="191" status="PASS">
          <reporter-output>
          </reporter-output>
        </test-method> <!-- tearDown -->
        <test-method is-config="true" signature="setupBrowser()[pri:0, instance:TestCasesFolder.LoginTest@28261e8e]" started-at="2025-07-10T23:30:53 SGT" name="setupBrowser" finished-at="2025-07-10T23:30:55 SGT" duration-ms="2579" status="PASS">
          <reporter-output>
          </reporter-output>
        </test-method> <!-- setupBrowser -->
        <test-method signature="loginwith_correct_credentials_withoutLogout()[pri:0, instance:TestCasesFolder.LoginTest@28261e8e]" started-at="2025-07-10T23:30:55 SGT" name="loginwith_correct_credentials_withoutLogout" finished-at="2025-07-10T23:30:58 SGT" duration-ms="2428" status="PASS">
          <reporter-output>
          </reporter-output>
        </test-method> <!-- loginwith_correct_credentials_withoutLogout -->
        <test-method is-config="true" signature="initPageObjects()[pri:0, instance:TestCasesFolder.LoginTest@28261e8e]" started-at="2025-07-10T23:30:55 SGT" name="initPageObjects" finished-at="2025-07-10T23:30:55 SGT" duration-ms="0" status="PASS">
          <reporter-output>
          </reporter-output>
        </test-method> <!-- initPageObjects -->
        <test-method is-config="true" signature="tearDown()[pri:0, instance:TestCasesFolder.LoginTest@28261e8e]" started-at="2025-07-10T23:30:58 SGT" name="tearDown" finished-at="2025-07-10T23:30:58 SGT" duration-ms="182" status="PASS">
          <reporter-output>
          </reporter-output>
        </test-method> <!-- tearDown -->
      </class> <!-- TestCasesFolder.LoginTest -->
      <class name="TestCasesFolder.AddProductToCartTest">
        <test-method is-config="true" signature="setupBrowser()[pri:0, instance:TestCasesFolder.AddProductToCartTest@5386659f]" started-at="2025-07-10T23:30:58 SGT" name="setupBrowser" finished-at="2025-07-10T23:31:01 SGT" duration-ms="2627" status="PASS">
          <reporter-output>
          </reporter-output>
        </test-method> <!-- setupBrowser -->
        <test-method is-config="true" signature="StartTest()[pri:0, instance:TestCasesFolder.AddProductToCartTest@5386659f]" started-at="2025-07-10T23:31:01 SGT" name="StartTest" finished-at="2025-07-10T23:31:01 SGT" duration-ms="1" status="PASS">
          <reporter-output>
          </reporter-output>
        </test-method> <!-- StartTest -->
        <test-method signature="addProduct()[pri:0, instance:TestCasesFolder.AddProductToCartTest@5386659f]" started-at="2025-07-10T23:31:01 SGT" name="addProduct" finished-at="2025-07-10T23:31:08 SGT" duration-ms="7472" status="PASS">
          <reporter-output>
          </reporter-output>
        </test-method> <!-- addProduct -->
        <test-method is-config="true" signature="tearDown()[pri:0, instance:TestCasesFolder.AddProductToCartTest@5386659f]" started-at="2025-07-10T23:31:08 SGT" name="tearDown" finished-at="2025-07-10T23:31:08 SGT" duration-ms="237" status="PASS">
          <reporter-output>
          </reporter-output>
        </test-method> <!-- tearDown -->
      </class> <!-- TestCasesFolder.AddProductToCartTest -->
    </test> <!-- TestEcommerce -->
  </suite> <!-- SuiteEcommerce -->
</testng-results>
