<?xml version="1.0" encoding="UTF-8"?>
<!-- Generated by org.testng.reporters.JUnitReportReporter -->
<testsuite hostname="DESKTOP-K2HAJEI" failures="0" tests="2" name="TestCasesFolder.LoginTest" time="10.079" errors="0" timestamp="2025-07-10T23:31:23 SGT" skipped="0">
  <testcase classname="TestCasesFolder.LoginTest" name="loginwith_correct_credentials_withoutLogout" time="5.448"/>
  <testcase classname="TestCasesFolder.LoginTest" name="loginwith_Incorrect_credentials" time="4.631"/>
</testsuite> <!-- TestCasesFolder.LoginTest -->
